<?xml version="1.0" encoding="UTF-8"?>
<testng-results skipped="0" failed="0" ignored="0" total="7" passed="7">
  <reporter-output>
    <line>
      <![CDATA[Hi I am Reporter]]>
    </line>
    <line>
      <![CDATA[Hi i came again]]>
    </line>
    <line>
      <![CDATA[Hi i came again]]>
    </line>
    <line>
      <![CDATA[Hi i came again]]>
    </line>
    <line>
      <![CDATA[Hi i came again]]>
    </line>
    <line>
      <![CDATA[Hi i came again]]>
    </line>
    <line>
      <![CDATA[not again...]]>
    </line>
  </reporter-output>
  <suite name="Default suite" duration-ms="50" started-at="2020-01-06T12:04:30 IST" finished-at="2020-01-06T12:04:30 IST">
    <groups>
    </groups>
    <test name="Default test" duration-ms="50" started-at="2020-01-06T12:04:30 IST" finished-at="2020-01-06T12:04:30 IST">
      <class name="Demo.Testngexample">
        <test-method status="PASS" signature="testa()[pri:0, instance:Demo.Testngexample@2b9627bc]" name="testa" duration-ms="9" started-at="2020-01-06T12:04:30 IST" finished-at="2020-01-06T12:04:30 IST">
          <reporter-output>
            <line>
              <![CDATA[Hi I am Reporter]]>
            </line>
          </reporter-output>
        </test-method> <!-- testa -->
        <test-method status="PASS" signature="testb()[pri:1, instance:Demo.Testngexample@2b9627bc]" name="testb" duration-ms="0" started-at="2020-01-06T12:04:30 IST" finished-at="2020-01-06T12:04:30 IST">
          <reporter-output>
            <line>
              <![CDATA[Hi i came again]]>
            </line>
          </reporter-output>
        </test-method> <!-- testb -->
        <test-method status="PASS" signature="testb()[pri:1, instance:Demo.Testngexample@2b9627bc]" name="testb" duration-ms="1" started-at="2020-01-06T12:04:30 IST" finished-at="2020-01-06T12:04:30 IST">
          <reporter-output>
            <line>
              <![CDATA[Hi i came again]]>
            </line>
          </reporter-output>
        </test-method> <!-- testb -->
        <test-method status="PASS" signature="testb()[pri:1, instance:Demo.Testngexample@2b9627bc]" name="testb" duration-ms="1" started-at="2020-01-06T12:04:30 IST" finished-at="2020-01-06T12:04:30 IST">
          <reporter-output>
            <line>
              <![CDATA[Hi i came again]]>
            </line>
          </reporter-output>
        </test-method> <!-- testb -->
        <test-method status="PASS" signature="testb()[pri:1, instance:Demo.Testngexample@2b9627bc]" name="testb" duration-ms="1" started-at="2020-01-06T12:04:30 IST" finished-at="2020-01-06T12:04:30 IST">
          <reporter-output>
            <line>
              <![CDATA[Hi i came again]]>
            </line>
          </reporter-output>
        </test-method> <!-- testb -->
        <test-method status="PASS" signature="testb()[pri:1, instance:Demo.Testngexample@2b9627bc]" name="testb" duration-ms="1" started-at="2020-01-06T12:04:30 IST" finished-at="2020-01-06T12:04:30 IST">
          <reporter-output>
            <line>
              <![CDATA[Hi i came again]]>
            </line>
          </reporter-output>
        </test-method> <!-- testb -->
        <test-method status="PASS" signature="test0()[pri:2, instance:Demo.Testngexample@2b9627bc]" name="test0" duration-ms="1" started-at="2020-01-06T12:04:30 IST" finished-at="2020-01-06T12:04:30 IST">
          <reporter-output>
            <line>
              <![CDATA[not again...]]>
            </line>
          </reporter-output>
        </test-method> <!-- test0 -->
      </class> <!-- Demo.Testngexample -->
    </test> <!-- Default test -->
  </suite> <!-- Default suite -->
</testng-results>
