<?xml version="1.0" encoding="UTF-8"?>
<testng-results skipped="0" failed="0" ignored="0" total="2" passed="2">
  <reporter-output>
  </reporter-output>
  <suite name="Suite" duration-ms="7752" started-at="2019-12-23T18:20:38 IST" finished-at="2019-12-23T18:20:46 IST">
    <groups>
    </groups>
    <test name="Test" duration-ms="5620" started-at="2019-12-23T18:20:38 IST" finished-at="2019-12-23T18:20:43 IST">
      <class name="Demo.SeleniumGrid">
        <test-method status="PASS" signature="testGrid(java.lang.String, java.lang.String)[pri:0, instance:Demo.SeleniumGrid@47ef968d]" name="testGrid" duration-ms="5586" started-at="2019-12-23T18:20:38 IST" finished-at="2019-12-23T18:20:43 IST">
          <params>
            <param index="0">
              <value>
                <![CDATA[http://localhost:4444/wd/hub]]>
              </value>
            </param>
            <param index="1">
              <value>
                <![CDATA[chrome]]>
              </value>
            </param>
          </params>
          <reporter-output>
          </reporter-output>
        </test-method> <!-- testGrid -->
      </class> <!-- Demo.SeleniumGrid -->
    </test> <!-- Test -->
    <test name="Test1" duration-ms="7752" started-at="2019-12-23T18:20:38 IST" finished-at="2019-12-23T18:20:46 IST">
      <class name="Demo.SeleniumGrid">
        <test-method status="PASS" signature="testGrid(java.lang.String, java.lang.String)[pri:0, instance:Demo.SeleniumGrid@9660f4e]" name="testGrid" duration-ms="7722" started-at="2019-12-23T18:20:38 IST" finished-at="2019-12-23T18:20:46 IST">
          <params>
            <param index="0">
              <value>
                <![CDATA[http://localhost:4444/wd/hub]]>
              </value>
            </param>
            <param index="1">
              <value>
                <![CDATA[firefox]]>
              </value>
            </param>
          </params>
          <reporter-output>
          </reporter-output>
        </test-method> <!-- testGrid -->
      </class> <!-- Demo.SeleniumGrid -->
    </test> <!-- Test1 -->
  </suite> <!-- Suite -->
</testng-results>
