<?xml version="1.0" encoding="UTF-8"?>
<!-- Generated by org.testng.reporters.JUnitXMLReporter -->
<testsuite hostname="ASUS-ROG" ignored="0" name="TestLogin" tests="1" failures="1" timestamp="2019-12-26T19:01:32 IST" time="73.94" errors="0">
  <testcase name="testLicence" time="12.298" classname="com.actitime.test.TestLicence">
    <failure type="java.lang.AssertionError" message="expected [actiTIME 2020.1 Proj] but found [actiTIME 2020.1 Pro]">
      <![CDATA[java.lang.AssertionError: expected [actiTIME 2020.1 Proj] but found [actiTIME 2020.1 Pro]
at com.actitime.pom.LicensePage.verifyLicencesVersion(LicensePage.java:21)
at com.actitime.test.TestLicence.testLicence(TestLicence.java:26)
at java.util.ArrayList.forEach(Unknown Source)
... Removed 32 stack frames]]>
    </failure>
  </testcase> <!-- testLicence -->
</testsuite> <!-- TestLogin -->
