<?xml version="1.0" encoding="UTF-8"?>
<testng-results skipped="0" failed="0" ignored="0" total="2" passed="2">
  <reporter-output>
  </reporter-output>
  <suite name="Suite" duration-ms="45964" started-at="2019-12-16T18:36:28 IST" finished-at="2019-12-16T18:37:14 IST">
    <groups>
    </groups>
    <test name="Test-1 Chrome" duration-ms="33229" started-at="2019-12-16T18:36:28 IST" finished-at="2019-12-16T18:37:01 IST">
      <class name="Demo.ParallelTest">
        <test-method status="PASS" signature="test(java.lang.String)[pri:0, instance:Demo.ParallelTest@cd2dae5]" name="test" is-config="true" duration-ms="2149" started-at="2019-12-16T18:36:28 IST" finished-at="2019-12-16T18:36:30 IST">
          <params>
            <param index="0">
              <value>
                <![CDATA[Chrome]]>
              </value>
            </param>
          </params>
          <reporter-output>
          </reporter-output>
        </test-method> <!-- test -->
        <test-method status="PASS" signature="testgooglesearch()[pri:0, instance:Demo.ParallelTest@cd2dae5]" name="testgooglesearch" duration-ms="30401" started-at="2019-12-16T18:36:30 IST" finished-at="2019-12-16T18:37:00 IST">
          <reporter-output>
          </reporter-output>
        </test-method> <!-- testgooglesearch -->
        <test-method status="PASS" signature="closingbrowsers()[pri:0, instance:Demo.ParallelTest@cd2dae5]" name="closingbrowsers" is-config="true" duration-ms="646" started-at="2019-12-16T18:37:00 IST" finished-at="2019-12-16T18:37:01 IST">
          <reporter-output>
          </reporter-output>
        </test-method> <!-- closingbrowsers -->
      </class> <!-- Demo.ParallelTest -->
    </test> <!-- Test-1 Chrome -->
    <test name="Test-1 Firefox" duration-ms="45964" started-at="2019-12-16T18:36:28 IST" finished-at="2019-12-16T18:37:14 IST">
      <class name="Demo.ParallelTest">
        <test-method status="PASS" signature="test(java.lang.String)[pri:0, instance:Demo.ParallelTest@23faf8f2]" name="test" is-config="true" duration-ms="4056" started-at="2019-12-16T18:36:28 IST" finished-at="2019-12-16T18:36:32 IST">
          <params>
            <param index="0">
              <value>
                <![CDATA[Firefox]]>
              </value>
            </param>
          </params>
          <reporter-output>
          </reporter-output>
        </test-method> <!-- test -->
        <test-method status="PASS" signature="testgooglesearch()[pri:0, instance:Demo.ParallelTest@23faf8f2]" name="testgooglesearch" duration-ms="40956" started-at="2019-12-16T18:36:32 IST" finished-at="2019-12-16T18:37:13 IST">
          <reporter-output>
          </reporter-output>
        </test-method> <!-- testgooglesearch -->
        <test-method status="PASS" signature="closingbrowsers()[pri:0, instance:Demo.ParallelTest@23faf8f2]" name="closingbrowsers" is-config="true" duration-ms="945" started-at="2019-12-16T18:37:13 IST" finished-at="2019-12-16T18:37:14 IST">
          <reporter-output>
          </reporter-output>
        </test-method> <!-- closingbrowsers -->
      </class> <!-- Demo.ParallelTest -->
    </test> <!-- Test-1 Firefox -->
  </suite> <!-- Suite -->
</testng-results>
