<?xml version="1.0" encoding="UTF-8"?>
<testng-results skipped="0" failed="0" ignored="0" total="1" passed="1">
  <reporter-output>
  </reporter-output>
  <suite name="Suite" duration-ms="11218" started-at="2019-12-27T07:18:22Z" finished-at="2019-12-27T07:18:33Z">
    <groups>
    </groups>
    <test name="LoginTestChrome" duration-ms="11218" started-at="2019-12-27T07:18:22Z" finished-at="2019-12-27T07:18:33Z">
      <class name="com.ebankingexample.TestCases.TC_Test_Login_001">
        <test-method status="PASS" signature="setup(java.lang.String)[pri:0, instance:com.ebankingexample.TestCases.TC_Test_Login_001@4501b7af]" name="setup" is-config="true" duration-ms="8147" started-at="2019-12-27T12:48:22Z" finished-at="2019-12-27T12:48:30Z">
          <params>
            <param index="0">
              <value>
                <![CDATA[chrome]]>
              </value>
            </param>
          </params>
          <reporter-output>
          </reporter-output>
        </test-method> <!-- setup -->
        <test-method status="PASS" signature="loginTest()[pri:0, instance:com.ebankingexample.TestCases.TC_Test_Login_001@4501b7af]" name="loginTest" duration-ms="2266" started-at="2019-12-27T12:48:30Z" finished-at="2019-12-27T12:48:33Z">
          <reporter-output>
          </reporter-output>
        </test-method> <!-- loginTest -->
        <test-method status="PASS" signature="teardown()[pri:0, instance:com.ebankingexample.TestCases.TC_Test_Login_001@4501b7af]" name="teardown" is-config="true" duration-ms="651" started-at="2019-12-27T12:48:33Z" finished-at="2019-12-27T12:48:33Z">
          <reporter-output>
          </reporter-output>
        </test-method> <!-- teardown -->
      </class> <!-- com.ebankingexample.TestCases.TC_Test_Login_001 -->
    </test> <!-- LoginTestChrome -->
  </suite> <!-- Suite -->
</testng-results>
