<?xml version="1.0" encoding="UTF-8"?>
<!-- Generated by org.testng.reporters.JUnitXMLReporter -->
<testsuite hostname="ASUS-ROG" ignored="0" name="Default test" tests="7" failures="0" timestamp="2020-01-06T12:04:30 IST" time="0.05" errors="0">
  <testcase name="testa" time="0.009" classname="Demo.Testngexample"/>
  <testcase name="testb" time="0.0" classname="Demo.Testngexample"/>
  <testcase name="testb" time="0.001" classname="Demo.Testngexample"/>
  <testcase name="testb" time="0.001" classname="Demo.Testngexample"/>
  <testcase name="testb" time="0.001" classname="Demo.Testngexample"/>
  <testcase name="testb" time="0.001" classname="Demo.Testngexample"/>
  <testcase name="test0" time="0.001" classname="Demo.Testngexample"/>
</testsuite> <!-- Default test -->
