<?xml version="1.0" encoding="UTF-8"?>
<!-- Generated by org.testng.reporters.JUnitXMLReporter -->
<testsuite hostname="ASUS-ROG" ignored="0" name="Testngexample" tests="7" failures="0" timestamp="2019-12-16T19:59:55 IST" time="0.043" errors="0">
  <testcase name="testa" time="0.007" classname="Demo.Testngexample"/>
  <testcase name="testb" time="0.001" classname="Demo.Testngexample"/>
  <testcase name="testb" time="0.001" classname="Demo.Testngexample"/>
  <testcase name="testb" time="0.0" classname="Demo.Testngexample"/>
  <testcase name="testb" time="0.001" classname="Demo.Testngexample"/>
  <testcase name="testb" time="0.001" classname="Demo.Testngexample"/>
  <testcase name="test0" time="0.0" classname="Demo.Testngexample"/>
</testsuite> <!-- Testngexample -->
